<?xml version="1.0" encoding="UTF-8"?>
<testExecutions version="1">
  <file path="D:\Docs\DocTR\SrfGroup-v3\CodeSources\SrfGroupFE\src\core\config\axios-interceptor.spec.ts">
  </file>
  <file path="D:\Docs\DocTR\SrfGroup-v3\CodeSources\SrfGroupFE\src\App.test.tsx">
  </file>
</testExecutions>